<?xml version="1.0" encoding="UTF-8"?>
<!-- Generated by org.testng.reporters.JUnitReportReporter -->
<testsuite skipped="0" hostname="Srinivas-PC" name="pack1.Test2" tests="4" failures="0" timestamp="2020-03-29T19:38:02 IST" time="0.000" errors="0">
  <testcase name="div" time="0.000" classname="pack1.Test2"/>
  <system-out/>
  <testcase name="add" time="0.000" classname="pack1.Test2"/>
  <system-out/>
  <testcase name="mul" time="0.000" classname="pack1.Test2"/>
  <system-out/>
  <testcase name="sub" time="0.000" classname="pack1.Test2"/>
  <system-out/>
</testsuite> <!-- pack1.Test2 -->
