<?xml version="1.0" encoding="UTF-8"?>
<!-- Generated by org.testng.reporters.JUnitReportReporter -->
<testsuite skipped="0" hostname="Srinivas-PC" name="testng.Test3" tests="2" failures="0" timestamp="15 Mar 2020 03:32:06 GMT" time="0.026" errors="0">
  <testcase name="m1" time="0.008" classname="testng.Test3"/>
  <testcase name="m2" time="0.018" classname="testng.Test3"/>
</testsuite> <!-- testng.Test3 -->
