<?xml version="1.0" encoding="UTF-8"?>
<!-- Generated by org.testng.reporters.JUnitReportReporter -->
<testsuite skipped="0" hostname="Srinivas-PC" name="testng.Annotation_Order4" tests="1" failures="0" timestamp="15 Mar 2020 03:44:23 GMT" time="0.014" errors="0">
  <testcase name="f" time="0.014" classname="testng.Annotation_Order4"/>
</testsuite> <!-- testng.Annotation_Order4 -->
