<?xml version="1.0" encoding="UTF-8"?>
<!-- Generated by org.testng.reporters.JUnitReportReporter -->
<testsuite skipped="0" hostname="Srinivas-PC" name="testng.Test2" tests="4" failures="0" timestamp="15 Mar 2020 02:28:58 GMT" time="0.039" errors="0">
  <testcase name="registration" time="0.034" classname="testng.Test2"/>
  <testcase name="login" time="0.002" classname="testng.Test2"/>
  <testcase name="inbox" time="0.001" classname="testng.Test2"/>
  <testcase name="logout" time="0.002" classname="testng.Test2"/>
</testsuite> <!-- testng.Test2 -->
