<?xml version="1.0" encoding="UTF-8"?>
<!-- Generated by org.testng.reporters.JUnitReportReporter -->
<testsuite skipped="0" hostname="Srinivas-PC" name="testng.Annotation_Order2" tests="3" failures="0" timestamp="15 Mar 2020 03:34:17 GMT" time="0.012" errors="0">
  <testcase name="m1" time="0.004" classname="testng.Annotation_Order2"/>
  <testcase name="f" time="0.002" classname="testng.Annotation_Order2"/>
  <testcase name="f1" time="0.006" classname="testng.Annotation_Order2"/>
</testsuite> <!-- testng.Annotation_Order2 -->
