<?xml version="1.0" encoding="UTF-8"?>
<!-- Generated by org.testng.reporters.JUnitReportReporter -->
<testsuite skipped="0" hostname="Srinivas-PC" name="testng.Test4" tests="4" failures="0" timestamp="21 Mar 2020 03:21:09 GMT" time="0.050" errors="0">
  <testcase name="logout" time="0.017" classname="testng.Test4"/>
  <testcase name="login" time="0.002" classname="testng.Test4"/>
  <testcase name="inbox" time="0.002" classname="testng.Test4"/>
  <testcase name="registration" time="0.029" classname="testng.Test4"/>
</testsuite> <!-- testng.Test4 -->
