<?xml version="1.0" encoding="UTF-8"?>
<!-- Generated by org.testng.reporters.JUnitReportReporter -->
<testsuite skipped="0" hostname="Srinivas-PC" name="testng.Parameters" tests="6" failures="0" timestamp="21 Mar 2020 01:36:56 GMT" time="0.051" errors="0">
  <testcase name="f" time="0.001" classname="testng.Parameters"/>
  <testcase name="f" time="0.002" classname="testng.Parameters"/>
  <testcase name="f" time="0.002" classname="testng.Parameters"/>
  <testcase name="f" time="0.003" classname="testng.Parameters"/>
  <testcase name="f" time="0.041" classname="testng.Parameters"/>
  <testcase name="f" time="0.002" classname="testng.Parameters"/>
</testsuite> <!-- testng.Parameters -->
