<?xml version="1.0" encoding="UTF-8"?>
<!-- Generated by org.testng.reporters.JUnitReportReporter -->
<testsuite skipped="0" hostname="Srinivas-PC" name="testng.Annotation_Order3" tests="2" failures="0" timestamp="15 Mar 2020 03:44:23 GMT" time="0.008" errors="0">
  <testcase name="m1" time="0.006" classname="testng.Annotation_Order3"/>
  <testcase name="f" time="0.002" classname="testng.Annotation_Order3"/>
</testsuite> <!-- testng.Annotation_Order3 -->
