<?xml version="1.0" encoding="UTF-8"?>
<!-- Generated by org.testng.reporters.JUnitReportReporter -->
<testsuite skipped="0" hostname="Srinivas-PC" name="testng.Sample1" tests="2" failures="0" timestamp="21 Mar 2020 02:59:38 GMT" time="0.029" errors="0">
  <testcase name="m4" time="0.001" classname="testng.Sample1"/>
  <testcase name="m1" time="0.028" classname="testng.Sample1"/>
</testsuite> <!-- testng.Sample1 -->
