<?xml version="1.0" encoding="UTF-8"?>
<!-- Generated by org.testng.reporters.JUnitReportReporter -->
<testsuite skipped="0" hostname="Srinivas-PC" name="testng.Parameters2" tests="5" failures="0" timestamp="21 Mar 2020 02:22:53 GMT" time="0.035" errors="0">
  <testcase name="f" time="0.002" classname="testng.Parameters2"/>
  <testcase name="f" time="0.002" classname="testng.Parameters2"/>
  <testcase name="f" time="0.024" classname="testng.Parameters2"/>
  <testcase name="f" time="0.004" classname="testng.Parameters2"/>
  <testcase name="f1" time="0.003" classname="testng.Parameters2"/>
</testsuite> <!-- testng.Parameters2 -->
