<?xml version="1.0" encoding="UTF-8"?>
<!-- Generated by org.testng.reporters.JUnitReportReporter -->
<testsuite skipped="0" hostname="Srinivas-PC" name="testng.Test5" tests="4" failures="0" timestamp="21 Mar 2020 03:28:03 GMT" time="0.046" errors="0">
  <testcase name="registration" time="0.002" classname="testng.Test5"/>
  <testcase name="logout" time="0.008" classname="testng.Test5"/>
  <testcase name="login" time="0.031" classname="testng.Test5"/>
  <testcase name="inbox" time="0.005" classname="testng.Test5"/>
</testsuite> <!-- testng.Test5 -->
