<?xml version="1.0" encoding="UTF-8"?>
<!-- Generated by org.testng.reporters.JUnitReportReporter -->
<testsuite skipped="3" hostname="Srinivas-PC" name="testng.Parameters1" tests="6" failures="0" timestamp="21 Mar 2020 02:02:29 GMT" time="0.030" errors="0">
  <testcase name="add" time="0.002" classname="testng.Parameters1"/>
  <testcase name="add" time="0.026" classname="testng.Parameters1"/>
  <testcase name="add" time="0.002" classname="testng.Parameters1"/>
  <testcase name="f" classname="testng.Parameters1">
    <skipped/>
  </testcase> <!-- f -->
  <testcase name="f" classname="testng.Parameters1">
    <skipped/>
  </testcase> <!-- f -->
  <testcase name="f" classname="testng.Parameters1">
    <skipped/>
  </testcase> <!-- f -->
</testsuite> <!-- testng.Parameters1 -->
